<?xml version="1.0" encoding="UTF-8"?>
<!-- Generated by org.testng.reporters.JUnitXMLReporter -->
<testsuite ignored="3" hostname="PRO-IND-1000" failures="0" tests="2" name="Default test" time="14.061" errors="0" timestamp="2023-03-15T16:22:25 IST">
  <testcase classname="tests.FirstTest" name="FourthtTestCase" time="0.595"/>
  <testcase classname="tests.FirstTest" name="FifthtTestCase" time="3.959"/>
  <testcase classname="tests.FirstTest" name="ThirdTestCase" time="0.0">
    <ignored/>
  </testcase> <!-- ThirdTestCase -->
  <testcase classname="tests.FirstTest" name="FirstTestCase" time="0.0">
    <ignored/>
  </testcase> <!-- FirstTestCase -->
  <testcase classname="tests.FirstTest" name="SecondTestCase" time="0.0">
    <ignored/>
  </testcase> <!-- SecondTestCase -->
</testsuite> <!-- Default test -->
