<?xml version="1.0" encoding="UTF-8"?>
<!-- Generated by org.testng.reporters.JUnitXMLReporter -->
<testsuite ignored="0" hostname="PRO-IND-1000" failures="1" tests="4" name="Test" time="23.783" errors="0" timestamp="2023-03-13T14:56:29 IST">
  <testcase classname="tests.FirstTest" name="Test1" time="0.03"/>
  <testcase classname="tests.FirstTest" name="Test2" time="0.005">
    <failure type="java.lang.AssertionError" message="Expected and Actual Results are not matching. Hence Failed expected [false] but found [true]">
      <![CDATA[java.lang.AssertionError: Expected and Actual Results are not matching. Hence Failed expected [false] but found [true]
at tests.FirstTest.Test2(FirstTest.java:32)
at java.base/java.util.ArrayList.forEach(ArrayList.java:1511)
... Removed 30 stack frames]]>
    </failure>
  </testcase> <!-- Test2 -->
  <testcase classname="tests.FirstTest" name="Test3" time="0.002"/>
  <testcase classname="tests.FirstTest" name="Test4" time="0.003"/>
</testsuite> <!-- Test -->
