<?xml version="1.0" encoding="UTF-8"?>
<testng-results ignored="3" total="5" passed="2" failed="0" skipped="0">
  <reporter-output>
  </reporter-output>
  <suite started-at="2023-03-15T16:22:11 IST" name="Default suite" finished-at="2023-03-15T16:22:25 IST" duration-ms="14061">
    <groups>
    </groups>
    <test started-at="2023-03-15T16:22:11 IST" name="Default test" finished-at="2023-03-15T16:22:25 IST" duration-ms="14061">
      <class name="tests.FirstTest">
        <test-method is-config="true" signature="LaunchApp(org.testng.ITestResult)[pri:0, instance:tests.FirstTest@511f5b1d]" started-at="2023-03-15T16:22:11 IST" name="LaunchApp" finished-at="2023-03-15T16:22:11 IST" duration-ms="10" status="PASS">
          <params>
            <param index="0">
              <value>
                <![CDATA[[TestResult name={null} status=CREATED method=FirstTest.FourthtTestCase()[pri:1, instance:tests.FirstTest@511f5b1d] output={null}]]]>
              </value>
            </param>
          </params>
          <reporter-output>
          </reporter-output>
        </test-method> <!-- LaunchApp -->
        <test-method signature="FourthtTestCase()[pri:1, instance:tests.FirstTest@511f5b1d]" started-at="2023-03-15T16:22:11 IST" name="FourthtTestCase" finished-at="2023-03-15T16:22:12 IST" duration-ms="595" status="PASS">
          <reporter-output>
          </reporter-output>
        </test-method> <!-- FourthtTestCase -->
        <test-method is-config="true" signature="TearDown(org.testng.ITestResult)[pri:0, instance:tests.FirstTest@511f5b1d]" started-at="2023-03-15T16:22:12 IST" name="TearDown" finished-at="2023-03-15T16:22:12 IST" duration-ms="1" status="PASS">
          <params>
            <param index="0">
              <value>
                <![CDATA[[TestResult name=FourthtTestCase status=SUCCESS method=FirstTest.FourthtTestCase()[pri:1, instance:tests.FirstTest@511f5b1d] output={null}]]]>
              </value>
            </param>
          </params>
          <reporter-output>
          </reporter-output>
        </test-method> <!-- TearDown -->
        <test-method is-config="true" signature="LaunchApp(org.testng.ITestResult)[pri:0, instance:tests.FirstTest@511f5b1d]" started-at="2023-03-15T16:22:12 IST" name="LaunchApp" finished-at="2023-03-15T16:22:21 IST" duration-ms="8984" status="PASS">
          <params>
            <param index="0">
              <value>
                <![CDATA[[TestResult name={null} status=CREATED method=FirstTest.FifthtTestCase()[pri:2, instance:tests.FirstTest@511f5b1d] output={null}]]]>
              </value>
            </param>
          </params>
          <reporter-output>
          </reporter-output>
        </test-method> <!-- LaunchApp -->
        <test-method signature="FifthtTestCase()[pri:2, instance:tests.FirstTest@511f5b1d]" started-at="2023-03-15T16:22:21 IST" name="FifthtTestCase" finished-at="2023-03-15T16:22:25 IST" duration-ms="3959" status="PASS">
          <reporter-output>
          </reporter-output>
        </test-method> <!-- FifthtTestCase -->
        <test-method is-config="true" signature="TearDown(org.testng.ITestResult)[pri:0, instance:tests.FirstTest@511f5b1d]" started-at="2023-03-15T16:22:25 IST" name="TearDown" finished-at="2023-03-15T16:22:25 IST" duration-ms="307" status="PASS">
          <params>
            <param index="0">
              <value>
                <![CDATA[[TestResult name=FifthtTestCase status=SUCCESS method=FirstTest.FifthtTestCase()[pri:2, instance:tests.FirstTest@511f5b1d] output={null}]]]>
              </value>
            </param>
          </params>
          <reporter-output>
          </reporter-output>
        </test-method> <!-- TearDown -->
        <test-method is-config="true" signature="quit()[pri:0, instance:tests.FirstTest@511f5b1d]" started-at="2023-03-15T16:22:25 IST" name="quit" finished-at="2023-03-15T16:22:25 IST" duration-ms="0" status="PASS">
          <reporter-output>
          </reporter-output>
        </test-method> <!-- quit -->
      </class> <!-- tests.FirstTest -->
    </test> <!-- Default test -->
  </suite> <!-- Default suite -->
</testng-results>
